<?xml version="1.0" encoding="UTF-8" ?>
<testsuite tests="15" failures="0" name="GradeStatisticsTest" time="0.415" errors="0" skipped="0">
  <properties>
    <property name="java.runtime.name" value="OpenJDK Runtime Environment"/>
    <property name="java.vm.version" value="11.0.16+8-post-Ubuntu-0ubuntu120.04"/>
    <property name="sun.boot.library.path" value="/usr/lib/jvm/java-11-openjdk-amd64/lib"/>
    <property name="maven.multiModuleProjectDirectory" value="/home/cheong/NetBeansProjects/mooc-java-programming-i/part07-Part07_06.GradeStatistics"/>
    <property name="java.vm.vendor" value="Ubuntu"/>
    <property name="java.vendor.url" value="https://ubuntu.com/"/>
    <property name="guice.disable.misplaced.annotation.check" value="true"/>
    <property name="path.separator" value=":"/>
    <property name="java.vm.name" value="OpenJDK 64-Bit Server VM"/>
    <property name="sun.os.patch.level" value="unknown"/>
    <property name="user.country" value="US"/>
    <property name="sun.java.launcher" value="SUN_STANDARD"/>
    <property name="java.vm.specification.name" value="Java Virtual Machine Specification"/>
    <property name="user.dir" value="/home/cheong/NetBeansProjects/mooc-java-programming-i/part07-Part07_06.GradeStatistics"/>
    <property name="java.vm.compressedOopsMode" value="32-bit"/>
    <property name="java.runtime.version" value="11.0.16+8-post-Ubuntu-0ubuntu120.04"/>
    <property name="java.awt.graphicsenv" value="sun.awt.X11GraphicsEnvironment"/>
    <property name="os.arch" value="amd64"/>
    <property name="java.io.tmpdir" value="/tmp"/>
    <property name="line.separator" value="
"/>
    <property name="java.vm.specification.vendor" value="Oracle Corporation"/>
    <property name="os.name" value="Linux"/>
    <property name="classworlds.conf" value="/snap/tmcbeans/5/tmcbeans/java/maven/bin/m2.conf"/>
    <property name="sun.jnu.encoding" value="UTF-8"/>
    <property name="java.library.path" value="/usr/java/packages/lib:/usr/lib/x86_64-linux-gnu/jni:/lib/x86_64-linux-gnu:/usr/lib/x86_64-linux-gnu:/usr/lib/jni:/lib:/usr/lib"/>
    <property name="jdk.debug" value="release"/>
    <property name="java.class.version" value="55.0"/>
    <property name="java.specification.name" value="Java Platform API Specification"/>
    <property name="sun.management.compiler" value="HotSpot 64-Bit Tiered Compilers"/>
    <property name="os.version" value="5.15.0-52-generic"/>
    <property name="user.home" value="/home/cheong"/>
    <property name="user.timezone" value="Asia/Kuala_Lumpur"/>
    <property name="java.awt.printerjob" value="sun.print.PSPrinterJob"/>
    <property name="file.encoding" value="UTF-8"/>
    <property name="java.specification.version" value="11"/>
    <property name="user.name" value="cheong"/>
    <property name="java.class.path" value="/snap/tmcbeans/5/tmcbeans/java/maven/boot/plexus-classworlds-2.5.2.jar"/>
    <property name="org.slf4j.simpleLogger.defaultLogLevel" value="error"/>
    <property name="java.vm.specification.version" value="11"/>
    <property name="sun.arch.data.model" value="64"/>
    <property name="sun.java.command" value="org.codehaus.plexus.classworlds.launcher.Launcher -T=1 -q test"/>
    <property name="java.home" value="/usr/lib/jvm/java-11-openjdk-amd64"/>
    <property name="user.language" value="en"/>
    <property name="java.specification.vendor" value="Oracle Corporation"/>
    <property name="awt.toolkit" value="sun.awt.X11.XToolkit"/>
    <property name="java.vm.info" value="mixed mode, sharing"/>
    <property name="java.version" value="11.0.16"/>
    <property name="securerandom.source" value="file:/dev/./urandom"/>
    <property name="java.vendor" value="Ubuntu"/>
    <property name="maven.home" value="/snap/tmcbeans/5/tmcbeans/java/maven"/>
    <property name="file.separator" value="/"/>
    <property name="java.version.date" value="2022-07-19"/>
    <property name="java.vendor.url.bug" value="https://bugs.launchpad.net/ubuntu/+source/openjdk-lts"/>
    <property name="sun.io.unicode.encoding" value="UnicodeLittle"/>
    <property name="sun.cpu.endian" value="little"/>
    <property name="sun.cpu.isalist" value=""/>
  </properties>
  <testcase classname="GradeStatisticsTest" name="testMany3" time="0.218"/>
  <testcase classname="GradeStatisticsTest" name="testMany4" time="0.028"/>
  <testcase classname="GradeStatisticsTest" name="testMany5" time="0.017"/>
  <testcase classname="GradeStatisticsTest" name="avgAll1" time="0.024"/>
  <testcase classname="GradeStatisticsTest" name="avgAll2" time="0.01"/>
  <testcase classname="GradeStatisticsTest" name="avgPassing1" time="0.006"/>
  <testcase classname="GradeStatisticsTest" name="avgPassing2" time="0.017"/>
  <testcase classname="GradeStatisticsTest" name="test1" time="0.01"/>
  <testcase classname="GradeStatisticsTest" name="test2" time="0.012"/>
  <testcase classname="GradeStatisticsTest" name="test3" time="0.004"/>
  <testcase classname="GradeStatisticsTest" name="test4" time="0.035"/>
  <testcase classname="GradeStatisticsTest" name="test5" time="0.012"/>
  <testcase classname="GradeStatisticsTest" name="passPercentage1" time="0.007"/>
  <testcase classname="GradeStatisticsTest" name="passPercentage2" time="0.012"/>
  <testcase classname="GradeStatisticsTest" name="badInput" time="0.003"/>
</testsuite>